<?xml version="1.0" encoding="UTF-8"?>
<robot generator="Robot 3.1.2 (Python 3.7.2 on win32)" generated="20190707 08:09:08.104" rpa="false">
<suite id="s1" name="Webtest" source="D:\Auto\ht\hte2e\test\webtest.robot">
<test id="s1-t1" name="InvalidNameTestCase">
<kw name="Open Browser" library="SeleniumLibrary">
<doc>Opens a new browser instance to the given ``url``.</doc>
<arguments>
<arg>${url}</arg>
<arg>chrome</arg>
</arguments>
<msg timestamp="20190707 08:09:08.645" level="INFO">Opening browser 'chrome' to base url 'https://www.ultimateqa.com/filling-out-forms/'.</msg>
<status status="PASS" starttime="20190707 08:09:08.644" endtime="20190707 08:09:18.273"></status>
</kw>
<kw name="Input Text" library="SeleniumLibrary">
<doc>Types the given ``text`` into text field identified by ``locator``.</doc>
<arguments>
<arg>${name}</arg>
<arg>${blankname_txt}</arg>
</arguments>
<msg timestamp="20190707 08:09:18.279" level="INFO">Typing text '' into text field 'et_pb_contact_name_0'.</msg>
<status status="PASS" starttime="20190707 08:09:18.278" endtime="20190707 08:09:18.429"></status>
</kw>
<kw name="Input Text" library="SeleniumLibrary">
<doc>Types the given ``text`` into text field identified by ``locator``.</doc>
<arguments>
<arg>${message}</arg>
<arg>${message_txt}</arg>
</arguments>
<msg timestamp="20190707 08:09:18.431" level="INFO">Typing text 'This is a sample message' into text field 'et_pb_contact_message_0'.</msg>
<status status="PASS" starttime="20190707 08:09:18.431" endtime="20190707 08:09:18.954"></status>
</kw>
<kw name="Click Button" library="SeleniumLibrary">
<doc>Clicks button identified by ``locator``.</doc>
<arguments>
<arg>${button1}</arg>
</arguments>
<msg timestamp="20190707 08:09:18.955" level="INFO">Clicking button '//*[@id="et_pb_contact_form_0"]/div[2]/form/div/button'.</msg>
<status status="PASS" starttime="20190707 08:09:18.955" endtime="20190707 08:09:19.134"></status>
</kw>
<kw name="Get Text" library="SeleniumLibrary">
<doc>Returns the text value of element identified by ``locator``.</doc>
<arguments>
<arg>${successmessage}</arg>
</arguments>
<assign>
<var>${valresults}</var>
</assign>
<msg timestamp="20190707 08:09:19.206" level="INFO">${valresults} = Please, fill in the following fields:</msg>
<status status="PASS" starttime="20190707 08:09:19.134" endtime="20190707 08:09:19.206"></status>
</kw>
<kw name="Should Be Equal As Strings" library="BuiltIn">
<doc>Fails if objects are unequal after converting them to strings.</doc>
<arguments>
<arg>${valresults}</arg>
<arg>${validationmsg}</arg>
</arguments>
<status status="PASS" starttime="20190707 08:09:19.207" endtime="20190707 08:09:19.208"></status>
</kw>
<kw name="Get Text" library="SeleniumLibrary">
<doc>Returns the text value of element identified by ``locator``.</doc>
<arguments>
<arg>${valErrormsg}</arg>
</arguments>
<assign>
<var>${valname}</var>
</assign>
<msg timestamp="20190707 08:09:19.292" level="INFO">${valname} = Name</msg>
<status status="PASS" starttime="20190707 08:09:19.209" endtime="20190707 08:09:19.292"></status>
</kw>
<kw name="Should Be Equal As Strings" library="BuiltIn">
<doc>Fails if objects are unequal after converting them to strings.</doc>
<arguments>
<arg>${nameval}</arg>
<arg>${valname}</arg>
</arguments>
<status status="PASS" starttime="20190707 08:09:19.293" endtime="20190707 08:09:19.294"></status>
</kw>
<kw name="Close Browser" library="SeleniumLibrary">
<doc>Closes the current browser.</doc>
<status status="PASS" starttime="20190707 08:09:19.295" endtime="20190707 08:09:21.922"></status>
</kw>
<status status="PASS" starttime="20190707 08:09:08.642" endtime="20190707 08:09:21.923" critical="yes"></status>
</test>
<test id="s1-t2" name="InvalidMessageTestCase">
<kw name="Open Browser" library="SeleniumLibrary">
<doc>Opens a new browser instance to the given ``url``.</doc>
<arguments>
<arg>${url}</arg>
<arg>chrome</arg>
</arguments>
<msg timestamp="20190707 08:09:21.930" level="INFO">Opening browser 'chrome' to base url 'https://www.ultimateqa.com/filling-out-forms/'.</msg>
<status status="PASS" starttime="20190707 08:09:21.930" endtime="20190707 08:09:29.384"></status>
</kw>
<kw name="Input Text" library="SeleniumLibrary">
<doc>Types the given ``text`` into text field identified by ``locator``.</doc>
<arguments>
<arg>${name}</arg>
<arg>${name_txt}</arg>
</arguments>
<msg timestamp="20190707 08:09:29.385" level="INFO">Typing text 'John Mburu' into text field 'et_pb_contact_name_0'.</msg>
<status status="PASS" starttime="20190707 08:09:29.385" endtime="20190707 08:09:29.709"></status>
</kw>
<kw name="Input Text" library="SeleniumLibrary">
<doc>Types the given ``text`` into text field identified by ``locator``.</doc>
<arguments>
<arg>${message}</arg>
<arg>${blankmessage_txt}</arg>
</arguments>
<msg timestamp="20190707 08:09:29.712" level="INFO">Typing text '' into text field 'et_pb_contact_message_0'.</msg>
<status status="PASS" starttime="20190707 08:09:29.711" endtime="20190707 08:09:29.838"></status>
</kw>
<kw name="Click Button" library="SeleniumLibrary">
<doc>Clicks button identified by ``locator``.</doc>
<arguments>
<arg>${button1}</arg>
</arguments>
<msg timestamp="20190707 08:09:29.841" level="INFO">Clicking button '//*[@id="et_pb_contact_form_0"]/div[2]/form/div/button'.</msg>
<status status="PASS" starttime="20190707 08:09:29.840" endtime="20190707 08:09:30.027"></status>
</kw>
<kw name="Get Text" library="SeleniumLibrary">
<doc>Returns the text value of element identified by ``locator``.</doc>
<arguments>
<arg>${successmessage}</arg>
</arguments>
<assign>
<var>${valresults}</var>
</assign>
<msg timestamp="20190707 08:09:30.114" level="INFO">${valresults} = Please, fill in the following fields:</msg>
<status status="PASS" starttime="20190707 08:09:30.028" endtime="20190707 08:09:30.114"></status>
</kw>
<kw name="Should Be Equal As Strings" library="BuiltIn">
<doc>Fails if objects are unequal after converting them to strings.</doc>
<arguments>
<arg>${valresults}</arg>
<arg>${validationmsg}</arg>
</arguments>
<status status="PASS" starttime="20190707 08:09:30.116" endtime="20190707 08:09:30.116"></status>
</kw>
<kw name="Get Text" library="SeleniumLibrary">
<doc>Returns the text value of element identified by ``locator``.</doc>
<arguments>
<arg>${valErrormsg}</arg>
</arguments>
<assign>
<var>${valmessage}</var>
</assign>
<msg timestamp="20190707 08:09:30.217" level="INFO">${valmessage} = Message</msg>
<status status="PASS" starttime="20190707 08:09:30.117" endtime="20190707 08:09:30.217"></status>
</kw>
<kw name="Should Be Equal As Strings" library="BuiltIn">
<doc>Fails if objects are unequal after converting them to strings.</doc>
<arguments>
<arg>${valmessage}</arg>
<arg>${messageval}</arg>
</arguments>
<status status="PASS" starttime="20190707 08:09:30.220" endtime="20190707 08:09:30.221"></status>
</kw>
<kw name="Close Browser" library="SeleniumLibrary">
<doc>Closes the current browser.</doc>
<status status="PASS" starttime="20190707 08:09:30.224" endtime="20190707 08:09:32.893"></status>
</kw>
<status status="PASS" starttime="20190707 08:09:21.929" endtime="20190707 08:09:32.894" critical="yes"></status>
</test>
<test id="s1-t3" name="TypeMessageTestCase">
<kw name="Open Browser" library="SeleniumLibrary">
<doc>Opens a new browser instance to the given ``url``.</doc>
<arguments>
<arg>${url}</arg>
<arg>chrome</arg>
</arguments>
<msg timestamp="20190707 08:09:32.899" level="INFO">Opening browser 'chrome' to base url 'https://www.ultimateqa.com/filling-out-forms/'.</msg>
<status status="PASS" starttime="20190707 08:09:32.899" endtime="20190707 08:09:40.423"></status>
</kw>
<kw name="Input Text" library="SeleniumLibrary">
<doc>Types the given ``text`` into text field identified by ``locator``.</doc>
<arguments>
<arg>${name}</arg>
<arg>${name_txt}</arg>
</arguments>
<msg timestamp="20190707 08:09:40.425" level="INFO">Typing text 'John Mburu' into text field 'et_pb_contact_name_0'.</msg>
<status status="PASS" starttime="20190707 08:09:40.424" endtime="20190707 08:09:40.692"></status>
</kw>
<kw name="Input Text" library="SeleniumLibrary">
<doc>Types the given ``text`` into text field identified by ``locator``.</doc>
<arguments>
<arg>${message}</arg>
<arg>${message_txt}</arg>
</arguments>
<msg timestamp="20190707 08:09:40.694" level="INFO">Typing text 'This is a sample message' into text field 'et_pb_contact_message_0'.</msg>
<status status="PASS" starttime="20190707 08:09:40.693" endtime="20190707 08:09:41.138"></status>
</kw>
<kw name="Click Button" library="SeleniumLibrary">
<doc>Clicks button identified by ``locator``.</doc>
<arguments>
<arg>${button1}</arg>
</arguments>
<msg timestamp="20190707 08:09:41.139" level="INFO">Clicking button '//*[@id="et_pb_contact_form_0"]/div[2]/form/div/button'.</msg>
<status status="PASS" starttime="20190707 08:09:41.138" endtime="20190707 08:09:41.374"></status>
</kw>
<kw name="Wait Until Element Is Visible" library="SeleniumLibrary">
<doc>Waits until element ``locator`` is visible.</doc>
<arguments>
<arg>${successmessage}</arg>
</arguments>
<status status="PASS" starttime="20190707 08:09:41.375" endtime="20190707 08:09:42.523"></status>
</kw>
<kw name="Get Text" library="SeleniumLibrary">
<doc>Returns the text value of element identified by ``locator``.</doc>
<arguments>
<arg>${successmessage}</arg>
</arguments>
<assign>
<var>${results}</var>
</assign>
<msg timestamp="20190707 08:09:42.576" level="INFO">${results} = Form filled out successfully</msg>
<status status="PASS" starttime="20190707 08:09:42.525" endtime="20190707 08:09:42.576"></status>
</kw>
<kw name="Log To Console" library="BuiltIn">
<doc>Logs the given message to the console.</doc>
<arguments>
<arg>${results}</arg>
</arguments>
<status status="PASS" starttime="20190707 08:09:42.577" endtime="20190707 08:09:42.580"></status>
</kw>
<kw name="Should Be Equal As Strings" library="BuiltIn">
<doc>Fails if objects are unequal after converting them to strings.</doc>
<arguments>
<arg>${results}</arg>
<arg>${expected}</arg>
</arguments>
<status status="PASS" starttime="20190707 08:09:42.580" endtime="20190707 08:09:42.581"></status>
</kw>
<kw name="Close Browser" library="SeleniumLibrary">
<doc>Closes the current browser.</doc>
<status status="PASS" starttime="20190707 08:09:42.581" endtime="20190707 08:09:46.563"></status>
</kw>
<status status="PASS" starttime="20190707 08:09:32.898" endtime="20190707 08:09:46.569" critical="yes"></status>
</test>
<status status="PASS" starttime="20190707 08:09:08.111" endtime="20190707 08:09:46.574"></status>
</suite>
<statistics>
<total>
<stat pass="3" fail="0">Critical Tests</stat>
<stat pass="3" fail="0">All Tests</stat>
</total>
<tag>
</tag>
<suite>
<stat pass="3" fail="0" id="s1" name="Webtest">Webtest</stat>
</suite>
</statistics>
<errors>
</errors>
</robot>
